2013/11/26 15:16:33 [error] [php] include(postsBindingd.php): failed to open stream: No such file or directory (C:\xampp\htdocs\framework\YiiBase.php:427)
Stack trace:
#0 C:\xampp\htdocs\blog\protected\controllers\ApiController.php(30): spl_autoload_call()
#1 C:\xampp\htdocs\framework\web\actions\CInlineAction.php(49): ApiController->actionList()
#2 C:\xampp\htdocs\framework\web\CController.php(308): CInlineAction->runWithParams()
#3 C:\xampp\htdocs\framework\web\CController.php(286): ApiController->runAction()
#4 C:\xampp\htdocs\framework\web\CController.php(265): ApiController->runActionWithFilters()
#5 C:\xampp\htdocs\framework\web\CWebApplication.php(282): ApiController->run()
#6 C:\xampp\htdocs\framework\web\CWebApplication.php(141): CWebApplication->runController()
#7 C:\xampp\htdocs\framework\base\CApplication.php(180): CWebApplication->processRequest()
#8 C:\xampp\htdocs\blog\index.php(11): CWebApplication->run()
REQUEST_URI=/blog/index.php/api/posts
2013/11/26 15:19:57 [error] [php] include(postsBinding.php): failed to open stream: No such file or directory (C:\xampp\htdocs\framework\YiiBase.php:427)
Stack trace:
#0 C:\xampp\htdocs\blog\protected\controllers\ApiController.php(31): spl_autoload_call()
#1 C:\xampp\htdocs\framework\web\actions\CInlineAction.php(49): ApiController->actionList()
#2 C:\xampp\htdocs\framework\web\CController.php(308): CInlineAction->runWithParams()
#3 C:\xampp\htdocs\framework\web\CController.php(286): ApiController->runAction()
#4 C:\xampp\htdocs\framework\web\CController.php(265): ApiController->runActionWithFilters()
#5 C:\xampp\htdocs\framework\web\CWebApplication.php(282): ApiController->run()
#6 C:\xampp\htdocs\framework\web\CWebApplication.php(141): CWebApplication->runController()
#7 C:\xampp\htdocs\framework\base\CApplication.php(180): CWebApplication->processRequest()
#8 C:\xampp\htdocs\blog\index.php(11): CWebApplication->run()
REQUEST_URI=/blog/index.php/api/posts
2013/11/26 15:20:00 [error] [php] include(postsBinding.php): failed to open stream: No such file or directory (C:\xampp\htdocs\framework\YiiBase.php:427)
Stack trace:
#0 C:\xampp\htdocs\blog\protected\controllers\ApiController.php(31): spl_autoload_call()
#1 C:\xampp\htdocs\framework\web\actions\CInlineAction.php(49): ApiController->actionList()
#2 C:\xampp\htdocs\framework\web\CController.php(308): CInlineAction->runWithParams()
#3 C:\xampp\htdocs\framework\web\CController.php(286): ApiController->runAction()
#4 C:\xampp\htdocs\framework\web\CController.php(265): ApiController->runActionWithFilters()
#5 C:\xampp\htdocs\framework\web\CWebApplication.php(282): ApiController->run()
#6 C:\xampp\htdocs\framework\web\CWebApplication.php(141): CWebApplication->runController()
#7 C:\xampp\htdocs\framework\base\CApplication.php(180): CWebApplication->processRequest()
#8 C:\xampp\htdocs\blog\index.php(11): CWebApplication->run()
REQUEST_URI=/blog/index.php/api/posts
2013/11/26 15:20:10 [error] [php] include(postsBinding.php): failed to open stream: No such file or directory (C:\xampp\htdocs\framework\YiiBase.php:427)
Stack trace:
#0 C:\xampp\htdocs\blog\protected\controllers\ApiController.php(31): spl_autoload_call()
#1 C:\xampp\htdocs\framework\web\actions\CInlineAction.php(49): ApiController->actionList()
#2 C:\xampp\htdocs\framework\web\CController.php(308): CInlineAction->runWithParams()
#3 C:\xampp\htdocs\framework\web\CController.php(286): ApiController->runAction()
#4 C:\xampp\htdocs\framework\web\CController.php(265): ApiController->runActionWithFilters()
#5 C:\xampp\htdocs\framework\web\CWebApplication.php(282): ApiController->run()
#6 C:\xampp\htdocs\framework\web\CWebApplication.php(141): CWebApplication->runController()
#7 C:\xampp\htdocs\framework\base\CApplication.php(180): CWebApplication->processRequest()
#8 C:\xampp\htdocs\blog\index.php(11): CWebApplication->run()
REQUEST_URI=/blog/index.php/api/posts
2013/11/26 15:20:48 [error] [php] include(postsBinding.php): failed to open stream: No such file or directory (C:\xampp\htdocs\framework\YiiBase.php:427)
Stack trace:
#0 C:\xampp\htdocs\blog\protected\controllers\ApiController.php(31): spl_autoload_call()
#1 C:\xampp\htdocs\framework\web\actions\CInlineAction.php(49): ApiController->actionList()
#2 C:\xampp\htdocs\framework\web\CController.php(308): CInlineAction->runWithParams()
#3 C:\xampp\htdocs\framework\web\CController.php(286): ApiController->runAction()
#4 C:\xampp\htdocs\framework\web\CController.php(265): ApiController->runActionWithFilters()
#5 C:\xampp\htdocs\framework\web\CWebApplication.php(282): ApiController->run()
#6 C:\xampp\htdocs\framework\web\CWebApplication.php(141): CWebApplication->runController()
#7 C:\xampp\htdocs\framework\base\CApplication.php(180): CWebApplication->processRequest()
#8 C:\xampp\htdocs\blog\index.php(11): CWebApplication->run()
REQUEST_URI=/blog/index.php/api/posts
2013/11/26 15:20:49 [error] [php] include(postsBinding.php): failed to open stream: No such file or directory (C:\xampp\htdocs\framework\YiiBase.php:427)
Stack trace:
#0 C:\xampp\htdocs\blog\protected\controllers\ApiController.php(31): spl_autoload_call()
#1 C:\xampp\htdocs\framework\web\actions\CInlineAction.php(49): ApiController->actionList()
#2 C:\xampp\htdocs\framework\web\CController.php(308): CInlineAction->runWithParams()
#3 C:\xampp\htdocs\framework\web\CController.php(286): ApiController->runAction()
#4 C:\xampp\htdocs\framework\web\CController.php(265): ApiController->runActionWithFilters()
#5 C:\xampp\htdocs\framework\web\CWebApplication.php(282): ApiController->run()
#6 C:\xampp\htdocs\framework\web\CWebApplication.php(141): CWebApplication->runController()
#7 C:\xampp\htdocs\framework\base\CApplication.php(180): CWebApplication->processRequest()
#8 C:\xampp\htdocs\blog\index.php(11): CWebApplication->run()
REQUEST_URI=/blog/index.php/api/posts
2013/11/26 15:20:49 [error] [php] include(postsBinding.php): failed to open stream: No such file or directory (C:\xampp\htdocs\framework\YiiBase.php:427)
Stack trace:
#0 C:\xampp\htdocs\blog\protected\controllers\ApiController.php(31): spl_autoload_call()
#1 C:\xampp\htdocs\framework\web\actions\CInlineAction.php(49): ApiController->actionList()
#2 C:\xampp\htdocs\framework\web\CController.php(308): CInlineAction->runWithParams()
#3 C:\xampp\htdocs\framework\web\CController.php(286): ApiController->runAction()
#4 C:\xampp\htdocs\framework\web\CController.php(265): ApiController->runActionWithFilters()
#5 C:\xampp\htdocs\framework\web\CWebApplication.php(282): ApiController->run()
#6 C:\xampp\htdocs\framework\web\CWebApplication.php(141): CWebApplication->runController()
#7 C:\xampp\htdocs\framework\base\CApplication.php(180): CWebApplication->processRequest()
#8 C:\xampp\htdocs\blog\index.php(11): CWebApplication->run()
REQUEST_URI=/blog/index.php/api/posts
2013/11/26 15:20:49 [error] [php] include(postsBinding.php): failed to open stream: No such file or directory (C:\xampp\htdocs\framework\YiiBase.php:427)
Stack trace:
#0 C:\xampp\htdocs\blog\protected\controllers\ApiController.php(31): spl_autoload_call()
#1 C:\xampp\htdocs\framework\web\actions\CInlineAction.php(49): ApiController->actionList()
#2 C:\xampp\htdocs\framework\web\CController.php(308): CInlineAction->runWithParams()
#3 C:\xampp\htdocs\framework\web\CController.php(286): ApiController->runAction()
#4 C:\xampp\htdocs\framework\web\CController.php(265): ApiController->runActionWithFilters()
#5 C:\xampp\htdocs\framework\web\CWebApplication.php(282): ApiController->run()
#6 C:\xampp\htdocs\framework\web\CWebApplication.php(141): CWebApplication->runController()
#7 C:\xampp\htdocs\framework\base\CApplication.php(180): CWebApplication->processRequest()
#8 C:\xampp\htdocs\blog\index.php(11): CWebApplication->run()
REQUEST_URI=/blog/index.php/api/posts
2013/11/26 15:20:50 [error] [php] include(postsBinding.php): failed to open stream: No such file or directory (C:\xampp\htdocs\framework\YiiBase.php:427)
Stack trace:
#0 C:\xampp\htdocs\blog\protected\controllers\ApiController.php(31): spl_autoload_call()
#1 C:\xampp\htdocs\framework\web\actions\CInlineAction.php(49): ApiController->actionList()
#2 C:\xampp\htdocs\framework\web\CController.php(308): CInlineAction->runWithParams()
#3 C:\xampp\htdocs\framework\web\CController.php(286): ApiController->runAction()
#4 C:\xampp\htdocs\framework\web\CController.php(265): ApiController->runActionWithFilters()
#5 C:\xampp\htdocs\framework\web\CWebApplication.php(282): ApiController->run()
#6 C:\xampp\htdocs\framework\web\CWebApplication.php(141): CWebApplication->runController()
#7 C:\xampp\htdocs\framework\base\CApplication.php(180): CWebApplication->processRequest()
#8 C:\xampp\htdocs\blog\index.php(11): CWebApplication->run()
REQUEST_URI=/blog/index.php/api/posts
2013/11/26 15:20:50 [error] [php] include(postsBinding.php): failed to open stream: No such file or directory (C:\xampp\htdocs\framework\YiiBase.php:427)
Stack trace:
#0 C:\xampp\htdocs\blog\protected\controllers\ApiController.php(31): spl_autoload_call()
#1 C:\xampp\htdocs\framework\web\actions\CInlineAction.php(49): ApiController->actionList()
#2 C:\xampp\htdocs\framework\web\CController.php(308): CInlineAction->runWithParams()
#3 C:\xampp\htdocs\framework\web\CController.php(286): ApiController->runAction()
#4 C:\xampp\htdocs\framework\web\CController.php(265): ApiController->runActionWithFilters()
#5 C:\xampp\htdocs\framework\web\CWebApplication.php(282): ApiController->run()
#6 C:\xampp\htdocs\framework\web\CWebApplication.php(141): CWebApplication->runController()
#7 C:\xampp\htdocs\framework\base\CApplication.php(180): CWebApplication->processRequest()
#8 C:\xampp\htdocs\blog\index.php(11): CWebApplication->run()
REQUEST_URI=/blog/index.php/api/posts
2013/11/26 15:20:50 [error] [php] include(postsBinding.php): failed to open stream: No such file or directory (C:\xampp\htdocs\framework\YiiBase.php:427)
Stack trace:
#0 C:\xampp\htdocs\blog\protected\controllers\ApiController.php(31): spl_autoload_call()
#1 C:\xampp\htdocs\framework\web\actions\CInlineAction.php(49): ApiController->actionList()
#2 C:\xampp\htdocs\framework\web\CController.php(308): CInlineAction->runWithParams()
#3 C:\xampp\htdocs\framework\web\CController.php(286): ApiController->runAction()
#4 C:\xampp\htdocs\framework\web\CController.php(265): ApiController->runActionWithFilters()
#5 C:\xampp\htdocs\framework\web\CWebApplication.php(282): ApiController->run()
#6 C:\xampp\htdocs\framework\web\CWebApplication.php(141): CWebApplication->runController()
#7 C:\xampp\htdocs\framework\base\CApplication.php(180): CWebApplication->processRequest()
#8 C:\xampp\htdocs\blog\index.php(11): CWebApplication->run()
REQUEST_URI=/blog/index.php/api/posts
2013/11/26 15:21:11 [error] [php] include(postsBinding.php): failed to open stream: No such file or directory (C:\xampp\htdocs\framework\YiiBase.php:427)
Stack trace:
#0 C:\xampp\htdocs\blog\protected\controllers\ApiController.php(43): spl_autoload_call()
#1 C:\xampp\htdocs\framework\web\actions\CInlineAction.php(49): ApiController->actionList()
#2 C:\xampp\htdocs\framework\web\CController.php(308): CInlineAction->runWithParams()
#3 C:\xampp\htdocs\framework\web\CController.php(286): ApiController->runAction()
#4 C:\xampp\htdocs\framework\web\CController.php(265): ApiController->runActionWithFilters()
#5 C:\xampp\htdocs\framework\web\CWebApplication.php(282): ApiController->run()
#6 C:\xampp\htdocs\framework\web\CWebApplication.php(141): CWebApplication->runController()
#7 C:\xampp\htdocs\framework\base\CApplication.php(180): CWebApplication->processRequest()
#8 C:\xampp\htdocs\blog\index.php(11): CWebApplication->run()
REQUEST_URI=/blog/index.php/api/posts
2013/11/26 15:21:25 [error] [php] include(posts.php): failed to open stream: No such file or directory (C:\xampp\htdocs\framework\YiiBase.php:427)
Stack trace:
#0 C:\xampp\htdocs\blog\protected\controllers\ApiController.php(43): spl_autoload_call()
#1 C:\xampp\htdocs\framework\web\actions\CInlineAction.php(49): ApiController->actionList()
#2 C:\xampp\htdocs\framework\web\CController.php(308): CInlineAction->runWithParams()
#3 C:\xampp\htdocs\framework\web\CController.php(286): ApiController->runAction()
#4 C:\xampp\htdocs\framework\web\CController.php(265): ApiController->runActionWithFilters()
#5 C:\xampp\htdocs\framework\web\CWebApplication.php(282): ApiController->run()
#6 C:\xampp\htdocs\framework\web\CWebApplication.php(141): CWebApplication->runController()
#7 C:\xampp\htdocs\framework\base\CApplication.php(180): CWebApplication->processRequest()
#8 C:\xampp\htdocs\blog\index.php(11): CWebApplication->run()
REQUEST_URI=/blog/index.php/api/posts
2013/11/26 15:21:26 [error] [php] include(posts.php): failed to open stream: No such file or directory (C:\xampp\htdocs\framework\YiiBase.php:427)
Stack trace:
#0 C:\xampp\htdocs\blog\protected\controllers\ApiController.php(43): spl_autoload_call()
#1 C:\xampp\htdocs\framework\web\actions\CInlineAction.php(49): ApiController->actionList()
#2 C:\xampp\htdocs\framework\web\CController.php(308): CInlineAction->runWithParams()
#3 C:\xampp\htdocs\framework\web\CController.php(286): ApiController->runAction()
#4 C:\xampp\htdocs\framework\web\CController.php(265): ApiController->runActionWithFilters()
#5 C:\xampp\htdocs\framework\web\CWebApplication.php(282): ApiController->run()
#6 C:\xampp\htdocs\framework\web\CWebApplication.php(141): CWebApplication->runController()
#7 C:\xampp\htdocs\framework\base\CApplication.php(180): CWebApplication->processRequest()
#8 C:\xampp\htdocs\blog\index.php(11): CWebApplication->run()
REQUEST_URI=/blog/index.php/api/posts
2013/11/26 15:21:46 [error] [php] include(posts.php): failed to open stream: No such file or directory (C:\xampp\htdocs\framework\YiiBase.php:427)
Stack trace:
#0 C:\xampp\htdocs\blog\protected\controllers\ApiController.php(43): spl_autoload_call()
#1 C:\xampp\htdocs\framework\web\actions\CInlineAction.php(49): ApiController->actionList()
#2 C:\xampp\htdocs\framework\web\CController.php(308): CInlineAction->runWithParams()
#3 C:\xampp\htdocs\framework\web\CController.php(286): ApiController->runAction()
#4 C:\xampp\htdocs\framework\web\CController.php(265): ApiController->runActionWithFilters()
#5 C:\xampp\htdocs\framework\web\CWebApplication.php(282): ApiController->run()
#6 C:\xampp\htdocs\framework\web\CWebApplication.php(141): CWebApplication->runController()
#7 C:\xampp\htdocs\framework\base\CApplication.php(180): CWebApplication->processRequest()
#8 C:\xampp\htdocs\blog\index.php(11): CWebApplication->run()
REQUEST_URI=/blog/index.php/api/posts
2013/11/26 15:21:53 [error] [php] include(postsBinding.php): failed to open stream: No such file or directory (C:\xampp\htdocs\framework\YiiBase.php:427)
Stack trace:
#0 C:\xampp\htdocs\blog\protected\controllers\ApiController.php(43): spl_autoload_call()
#1 C:\xampp\htdocs\framework\web\actions\CInlineAction.php(49): ApiController->actionList()
#2 C:\xampp\htdocs\framework\web\CController.php(308): CInlineAction->runWithParams()
#3 C:\xampp\htdocs\framework\web\CController.php(286): ApiController->runAction()
#4 C:\xampp\htdocs\framework\web\CController.php(265): ApiController->runActionWithFilters()
#5 C:\xampp\htdocs\framework\web\CWebApplication.php(282): ApiController->run()
#6 C:\xampp\htdocs\framework\web\CWebApplication.php(141): CWebApplication->runController()
#7 C:\xampp\htdocs\framework\base\CApplication.php(180): CWebApplication->processRequest()
#8 C:\xampp\htdocs\blog\index.php(11): CWebApplication->run()
REQUEST_URI=/blog/index.php/api/posts
2013/11/26 15:21:54 [error] [php] include(postsBinding.php): failed to open stream: No such file or directory (C:\xampp\htdocs\framework\YiiBase.php:427)
Stack trace:
#0 C:\xampp\htdocs\blog\protected\controllers\ApiController.php(43): spl_autoload_call()
#1 C:\xampp\htdocs\framework\web\actions\CInlineAction.php(49): ApiController->actionList()
#2 C:\xampp\htdocs\framework\web\CController.php(308): CInlineAction->runWithParams()
#3 C:\xampp\htdocs\framework\web\CController.php(286): ApiController->runAction()
#4 C:\xampp\htdocs\framework\web\CController.php(265): ApiController->runActionWithFilters()
#5 C:\xampp\htdocs\framework\web\CWebApplication.php(282): ApiController->run()
#6 C:\xampp\htdocs\framework\web\CWebApplication.php(141): CWebApplication->runController()
#7 C:\xampp\htdocs\framework\base\CApplication.php(180): CWebApplication->processRequest()
#8 C:\xampp\htdocs\blog\index.php(11): CWebApplication->run()
REQUEST_URI=/blog/index.php/api/posts
2013/11/26 15:23:34 [error] [php] include(posts.php): failed to open stream: No such file or directory (C:\xampp\htdocs\framework\YiiBase.php:427)
Stack trace:
#0 C:\xampp\htdocs\blog\protected\controllers\ApiController.php(43): spl_autoload_call()
#1 C:\xampp\htdocs\framework\web\actions\CInlineAction.php(49): ApiController->actionList()
#2 C:\xampp\htdocs\framework\web\CController.php(308): CInlineAction->runWithParams()
#3 C:\xampp\htdocs\framework\web\CController.php(286): ApiController->runAction()
#4 C:\xampp\htdocs\framework\web\CController.php(265): ApiController->runActionWithFilters()
#5 C:\xampp\htdocs\framework\web\CWebApplication.php(282): ApiController->run()
#6 C:\xampp\htdocs\framework\web\CWebApplication.php(141): CWebApplication->runController()
#7 C:\xampp\htdocs\framework\base\CApplication.php(180): CWebApplication->processRequest()
#8 C:\xampp\htdocs\blog\index.php(11): CWebApplication->run()
REQUEST_URI=/blog/index.php/api/posts
2013/11/26 15:23:36 [error] [php] include(posts.php): failed to open stream: No such file or directory (C:\xampp\htdocs\framework\YiiBase.php:427)
Stack trace:
#0 C:\xampp\htdocs\blog\protected\controllers\ApiController.php(43): spl_autoload_call()
#1 C:\xampp\htdocs\framework\web\actions\CInlineAction.php(49): ApiController->actionList()
#2 C:\xampp\htdocs\framework\web\CController.php(308): CInlineAction->runWithParams()
#3 C:\xampp\htdocs\framework\web\CController.php(286): ApiController->runAction()
#4 C:\xampp\htdocs\framework\web\CController.php(265): ApiController->runActionWithFilters()
#5 C:\xampp\htdocs\framework\web\CWebApplication.php(282): ApiController->run()
#6 C:\xampp\htdocs\framework\web\CWebApplication.php(141): CWebApplication->runController()
#7 C:\xampp\htdocs\framework\base\CApplication.php(180): CWebApplication->processRequest()
#8 C:\xampp\htdocs\blog\index.php(11): CWebApplication->run()
REQUEST_URI=/blog/index.php/api/posts
2013/11/26 15:23:54 [error] [php] include(Posts.php): failed to open stream: No such file or directory (C:\xampp\htdocs\framework\YiiBase.php:427)
Stack trace:
#0 C:\xampp\htdocs\blog\protected\controllers\ApiController.php(43): spl_autoload_call()
#1 C:\xampp\htdocs\framework\web\actions\CInlineAction.php(49): ApiController->actionList()
#2 C:\xampp\htdocs\framework\web\CController.php(308): CInlineAction->runWithParams()
#3 C:\xampp\htdocs\framework\web\CController.php(286): ApiController->runAction()
#4 C:\xampp\htdocs\framework\web\CController.php(265): ApiController->runActionWithFilters()
#5 C:\xampp\htdocs\framework\web\CWebApplication.php(282): ApiController->run()
#6 C:\xampp\htdocs\framework\web\CWebApplication.php(141): CWebApplication->runController()
#7 C:\xampp\htdocs\framework\base\CApplication.php(180): CWebApplication->processRequest()
#8 C:\xampp\htdocs\blog\index.php(11): CWebApplication->run()
REQUEST_URI=/blog/index.php/api/Posts
2013/11/26 15:31:01 [error] [php] include(postd.php): failed to open stream: No such file or directory (C:\xampp\htdocs\framework\YiiBase.php:427)
Stack trace:
#0 unknown(0): spl_autoload_call()
#1 C:\xampp\htdocs\blog\protected\controllers\ApiController.php(292): class_exists()
#2 C:\xampp\htdocs\blog\protected\controllers\ApiController.php(27): ApiController->_getModel()
#3 C:\xampp\htdocs\framework\web\actions\CInlineAction.php(49): ApiController->actionList()
#4 C:\xampp\htdocs\framework\web\CController.php(308): CInlineAction->runWithParams()
#5 C:\xampp\htdocs\framework\web\CController.php(286): ApiController->runAction()
#6 C:\xampp\htdocs\framework\web\CController.php(265): ApiController->runActionWithFilters()
#7 C:\xampp\htdocs\framework\web\CWebApplication.php(282): ApiController->run()
#8 C:\xampp\htdocs\framework\web\CWebApplication.php(141): CWebApplication->runController()
#9 C:\xampp\htdocs\framework\base\CApplication.php(180): CWebApplication->processRequest()
#10 C:\xampp\htdocs\blog\index.php(11): CWebApplication->run()
REQUEST_URI=/blog/index.php/api/postd
2013/11/26 15:31:50 [error] [php] include(postd.php): failed to open stream: No such file or directory (C:\xampp\htdocs\framework\YiiBase.php:427)
Stack trace:
#0 unknown(0): spl_autoload_call()
#1 C:\xampp\htdocs\blog\protected\controllers\ApiController.php(293): class_exists()
#2 C:\xampp\htdocs\blog\protected\controllers\ApiController.php(27): ApiController->_getModel()
#3 C:\xampp\htdocs\framework\web\actions\CInlineAction.php(49): ApiController->actionList()
#4 C:\xampp\htdocs\framework\web\CController.php(308): CInlineAction->runWithParams()
#5 C:\xampp\htdocs\framework\web\CController.php(286): ApiController->runAction()
#6 C:\xampp\htdocs\framework\web\CController.php(265): ApiController->runActionWithFilters()
#7 C:\xampp\htdocs\framework\web\CWebApplication.php(282): ApiController->run()
#8 C:\xampp\htdocs\framework\web\CWebApplication.php(141): CWebApplication->runController()
#9 C:\xampp\htdocs\framework\base\CApplication.php(180): CWebApplication->processRequest()
#10 C:\xampp\htdocs\blog\index.php(11): CWebApplication->run()
REQUEST_URI=/blog/index.php/api/postd
2013/11/26 15:32:45 [error] [php] include(postd.php): failed to open stream: No such file or directory (C:\xampp\htdocs\framework\YiiBase.php:427)
Stack trace:
#0 unknown(0): spl_autoload_call()
#1 C:\xampp\htdocs\blog\protected\controllers\ApiController.php(293): class_exists()
#2 C:\xampp\htdocs\blog\protected\controllers\ApiController.php(27): ApiController->_getModel()
#3 C:\xampp\htdocs\framework\web\actions\CInlineAction.php(49): ApiController->actionList()
#4 C:\xampp\htdocs\framework\web\CController.php(308): CInlineAction->runWithParams()
#5 C:\xampp\htdocs\framework\web\CController.php(286): ApiController->runAction()
#6 C:\xampp\htdocs\framework\web\CController.php(265): ApiController->runActionWithFilters()
#7 C:\xampp\htdocs\framework\web\CWebApplication.php(282): ApiController->run()
#8 C:\xampp\htdocs\framework\web\CWebApplication.php(141): CWebApplication->runController()
#9 C:\xampp\htdocs\framework\base\CApplication.php(180): CWebApplication->processRequest()
#10 C:\xampp\htdocs\blog\index.php(11): CWebApplication->run()
REQUEST_URI=/blog/index.php/api/postd
2013/11/26 15:39:46 [error] [php] include(posts.php): failed to open stream: No such file or directory (C:\xampp\htdocs\framework\YiiBase.php:427)
Stack trace:
#0 C:\xampp\htdocs\blog\protected\controllers\ApiController.php(294): spl_autoload_call()
#1 C:\xampp\htdocs\blog\protected\controllers\ApiController.php(27): ApiController->_getModel()
#2 C:\xampp\htdocs\framework\web\actions\CInlineAction.php(49): ApiController->actionList()
#3 C:\xampp\htdocs\framework\web\CController.php(308): CInlineAction->runWithParams()
#4 C:\xampp\htdocs\framework\web\CController.php(286): ApiController->runAction()
#5 C:\xampp\htdocs\framework\web\CController.php(265): ApiController->runActionWithFilters()
#6 C:\xampp\htdocs\framework\web\CWebApplication.php(282): ApiController->run()
#7 C:\xampp\htdocs\framework\web\CWebApplication.php(141): CWebApplication->runController()
#8 C:\xampp\htdocs\framework\base\CApplication.php(180): CWebApplication->processRequest()
#9 C:\xampp\htdocs\blog\index.php(11): CWebApplication->run()
REQUEST_URI=/blog/index.php/api/posts
2013/11/26 15:40:19 [error] [php] include(posts.php): failed to open stream: No such file or directory (C:\xampp\htdocs\framework\YiiBase.php:427)
Stack trace:
#0 C:\xampp\htdocs\blog\protected\controllers\ApiController.php(294): spl_autoload_call()
#1 C:\xampp\htdocs\blog\protected\controllers\ApiController.php(27): ApiController->_getModel()
#2 C:\xampp\htdocs\framework\web\actions\CInlineAction.php(49): ApiController->actionList()
#3 C:\xampp\htdocs\framework\web\CController.php(308): CInlineAction->runWithParams()
#4 C:\xampp\htdocs\framework\web\CController.php(286): ApiController->runAction()
#5 C:\xampp\htdocs\framework\web\CController.php(265): ApiController->runActionWithFilters()
#6 C:\xampp\htdocs\framework\web\CWebApplication.php(282): ApiController->run()
#7 C:\xampp\htdocs\framework\web\CWebApplication.php(141): CWebApplication->runController()
#8 C:\xampp\htdocs\framework\base\CApplication.php(180): CWebApplication->processRequest()
#9 C:\xampp\htdocs\blog\index.php(11): CWebApplication->run()
REQUEST_URI=/blog/index.php/api/posts
2013/11/26 15:41:11 [error] [php] include(posts.php): failed to open stream: No such file or directory (C:\xampp\htdocs\framework\YiiBase.php:427)
Stack trace:
#0 C:\xampp\htdocs\blog\protected\controllers\ApiController.php(294): spl_autoload_call()
#1 C:\xampp\htdocs\blog\protected\controllers\ApiController.php(27): ApiController->_getModel()
#2 C:\xampp\htdocs\framework\web\actions\CInlineAction.php(49): ApiController->actionList()
#3 C:\xampp\htdocs\framework\web\CController.php(308): CInlineAction->runWithParams()
#4 C:\xampp\htdocs\framework\web\CController.php(286): ApiController->runAction()
#5 C:\xampp\htdocs\framework\web\CController.php(265): ApiController->runActionWithFilters()
#6 C:\xampp\htdocs\framework\web\CWebApplication.php(282): ApiController->run()
#7 C:\xampp\htdocs\framework\web\CWebApplication.php(141): CWebApplication->runController()
#8 C:\xampp\htdocs\framework\base\CApplication.php(180): CWebApplication->processRequest()
#9 C:\xampp\htdocs\blog\index.php(11): CWebApplication->run()
REQUEST_URI=/blog/index.php/api/posts
2013/11/26 15:41:12 [error] [php] include(posts.php): failed to open stream: No such file or directory (C:\xampp\htdocs\framework\YiiBase.php:427)
Stack trace:
#0 C:\xampp\htdocs\blog\protected\controllers\ApiController.php(294): spl_autoload_call()
#1 C:\xampp\htdocs\blog\protected\controllers\ApiController.php(27): ApiController->_getModel()
#2 C:\xampp\htdocs\framework\web\actions\CInlineAction.php(49): ApiController->actionList()
#3 C:\xampp\htdocs\framework\web\CController.php(308): CInlineAction->runWithParams()
#4 C:\xampp\htdocs\framework\web\CController.php(286): ApiController->runAction()
#5 C:\xampp\htdocs\framework\web\CController.php(265): ApiController->runActionWithFilters()
#6 C:\xampp\htdocs\framework\web\CWebApplication.php(282): ApiController->run()
#7 C:\xampp\htdocs\framework\web\CWebApplication.php(141): CWebApplication->runController()
#8 C:\xampp\htdocs\framework\base\CApplication.php(180): CWebApplication->processRequest()
#9 C:\xampp\htdocs\blog\index.php(11): CWebApplication->run()
REQUEST_URI=/blog/index.php/api/posts
2013/11/26 15:41:14 [error] [php] include(posts.php): failed to open stream: No such file or directory (C:\xampp\htdocs\framework\YiiBase.php:427)
Stack trace:
#0 C:\xampp\htdocs\blog\protected\controllers\ApiController.php(294): spl_autoload_call()
#1 C:\xampp\htdocs\blog\protected\controllers\ApiController.php(27): ApiController->_getModel()
#2 C:\xampp\htdocs\framework\web\actions\CInlineAction.php(49): ApiController->actionList()
#3 C:\xampp\htdocs\framework\web\CController.php(308): CInlineAction->runWithParams()
#4 C:\xampp\htdocs\framework\web\CController.php(286): ApiController->runAction()
#5 C:\xampp\htdocs\framework\web\CController.php(265): ApiController->runActionWithFilters()
#6 C:\xampp\htdocs\framework\web\CWebApplication.php(282): ApiController->run()
#7 C:\xampp\htdocs\framework\web\CWebApplication.php(141): CWebApplication->runController()
#8 C:\xampp\htdocs\framework\base\CApplication.php(180): CWebApplication->processRequest()
#9 C:\xampp\htdocs\blog\index.php(11): CWebApplication->run()
REQUEST_URI=/blog/index.php/api/posts
2013/11/26 15:41:50 [error] [php] include(posts.php): failed to open stream: No such file or directory (C:\xampp\htdocs\framework\YiiBase.php:427)
Stack trace:
#0 C:\xampp\htdocs\blog\protected\controllers\ApiController.php(294): spl_autoload_call()
#1 C:\xampp\htdocs\blog\protected\controllers\ApiController.php(27): ApiController->_getModel()
#2 C:\xampp\htdocs\framework\web\actions\CInlineAction.php(49): ApiController->actionList()
#3 C:\xampp\htdocs\framework\web\CController.php(308): CInlineAction->runWithParams()
#4 C:\xampp\htdocs\framework\web\CController.php(286): ApiController->runAction()
#5 C:\xampp\htdocs\framework\web\CController.php(265): ApiController->runActionWithFilters()
#6 C:\xampp\htdocs\framework\web\CWebApplication.php(282): ApiController->run()
#7 C:\xampp\htdocs\framework\web\CWebApplication.php(141): CWebApplication->runController()
#8 C:\xampp\htdocs\framework\base\CApplication.php(180): CWebApplication->processRequest()
#9 C:\xampp\htdocs\blog\index.php(11): CWebApplication->run()
REQUEST_URI=/blog/index.php/api/posts
2013/11/26 15:41:58 [error] [php] include(posts.php): failed to open stream: No such file or directory (C:\xampp\htdocs\framework\YiiBase.php:427)
Stack trace:
#0 C:\xampp\htdocs\blog\protected\controllers\ApiController.php(294): spl_autoload_call()
#1 C:\xampp\htdocs\blog\protected\controllers\ApiController.php(27): ApiController->_getModel()
#2 C:\xampp\htdocs\framework\web\actions\CInlineAction.php(49): ApiController->actionList()
#3 C:\xampp\htdocs\framework\web\CController.php(308): CInlineAction->runWithParams()
#4 C:\xampp\htdocs\framework\web\CController.php(286): ApiController->runAction()
#5 C:\xampp\htdocs\framework\web\CController.php(265): ApiController->runActionWithFilters()
#6 C:\xampp\htdocs\framework\web\CWebApplication.php(282): ApiController->run()
#7 C:\xampp\htdocs\framework\web\CWebApplication.php(141): CWebApplication->runController()
#8 C:\xampp\htdocs\framework\base\CApplication.php(180): CWebApplication->processRequest()
#9 C:\xampp\htdocs\blog\index.php(11): CWebApplication->run()
REQUEST_URI=/blog/index.php/api/posts
2013/11/26 15:44:01 [error] [php] include(posts.php): failed to open stream: No such file or directory (C:\xampp\htdocs\framework\YiiBase.php:427)
Stack trace:
#0 C:\xampp\htdocs\blog\protected\controllers\ApiController.php(295): spl_autoload_call()
#1 C:\xampp\htdocs\blog\protected\controllers\ApiController.php(27): ApiController->_getModel()
#2 C:\xampp\htdocs\framework\web\actions\CInlineAction.php(49): ApiController->actionList()
#3 C:\xampp\htdocs\framework\web\CController.php(308): CInlineAction->runWithParams()
#4 C:\xampp\htdocs\framework\web\CController.php(286): ApiController->runAction()
#5 C:\xampp\htdocs\framework\web\CController.php(265): ApiController->runActionWithFilters()
#6 C:\xampp\htdocs\framework\web\CWebApplication.php(282): ApiController->run()
#7 C:\xampp\htdocs\framework\web\CWebApplication.php(141): CWebApplication->runController()
#8 C:\xampp\htdocs\framework\base\CApplication.php(180): CWebApplication->processRequest()
#9 C:\xampp\htdocs\blog\index.php(11): CWebApplication->run()
REQUEST_URI=/blog/index.php/api/posts
2013/11/26 15:44:02 [error] [php] include(posts.php): failed to open stream: No such file or directory (C:\xampp\htdocs\framework\YiiBase.php:427)
Stack trace:
#0 C:\xampp\htdocs\blog\protected\controllers\ApiController.php(295): spl_autoload_call()
#1 C:\xampp\htdocs\blog\protected\controllers\ApiController.php(27): ApiController->_getModel()
#2 C:\xampp\htdocs\framework\web\actions\CInlineAction.php(49): ApiController->actionList()
#3 C:\xampp\htdocs\framework\web\CController.php(308): CInlineAction->runWithParams()
#4 C:\xampp\htdocs\framework\web\CController.php(286): ApiController->runAction()
#5 C:\xampp\htdocs\framework\web\CController.php(265): ApiController->runActionWithFilters()
#6 C:\xampp\htdocs\framework\web\CWebApplication.php(282): ApiController->run()
#7 C:\xampp\htdocs\framework\web\CWebApplication.php(141): CWebApplication->runController()
#8 C:\xampp\htdocs\framework\base\CApplication.php(180): CWebApplication->processRequest()
#9 C:\xampp\htdocs\blog\index.php(11): CWebApplication->run()
REQUEST_URI=/blog/index.php/api/posts
2013/11/26 15:51:52 [error] [php] substr() expects at least 2 parameters, 1 given (C:\xampp\htdocs\blog\protected\controllers\ApiController.php:292)
Stack trace:
#0 C:\xampp\htdocs\framework\web\actions\CInlineAction.php(49): ApiController->actionList()
#1 C:\xampp\htdocs\framework\web\CController.php(308): CInlineAction->runWithParams()
#2 C:\xampp\htdocs\framework\web\CController.php(286): ApiController->runAction()
#3 C:\xampp\htdocs\framework\web\CController.php(265): ApiController->runActionWithFilters()
#4 C:\xampp\htdocs\framework\web\CWebApplication.php(282): ApiController->run()
#5 C:\xampp\htdocs\framework\web\CWebApplication.php(141): CWebApplication->runController()
#6 C:\xampp\htdocs\framework\base\CApplication.php(180): CWebApplication->processRequest()
#7 C:\xampp\htdocs\blog\index.php(11): CWebApplication->run()
REQUEST_URI=/blog/index.php/api/post
2013/11/26 15:55:44 [error] [exception.CHttpException.404] exception 'CHttpException' with message 'The system is unable to find the requested action "posts".' in C:\xampp\htdocs\framework\web\CController.php:483
Stack trace:
#0 C:\xampp\htdocs\framework\web\CController.php(270): CController->missingAction('posts')
#1 C:\xampp\htdocs\framework\web\CWebApplication.php(282): CController->run('posts')
#2 C:\xampp\htdocs\framework\web\CWebApplication.php(141): CWebApplication->runController('api/posts/dd')
#3 C:\xampp\htdocs\framework\base\CApplication.php(180): CWebApplication->processRequest()
#4 C:\xampp\htdocs\blog\index.php(11): CApplication->run()
#5 {main}
REQUEST_URI=/blog/index.php/api/posts/dd
---
2013/11/26 16:06:06 [error] [exception.CHttpException.404] exception 'CHttpException' with message 'The system is unable to find the requested action "comments".' in C:\xampp\htdocs\framework\web\CController.php:483
Stack trace:
#0 C:\xampp\htdocs\framework\web\CController.php(270): CController->missingAction('comments')
#1 C:\xampp\htdocs\framework\web\CWebApplication.php(282): CController->run('comments')
#2 C:\xampp\htdocs\framework\web\CWebApplication.php(141): CWebApplication->runController('api/comments/kj...')
#3 C:\xampp\htdocs\framework\base\CApplication.php(180): CWebApplication->processRequest()
#4 C:\xampp\htdocs\blog\index.php(11): CApplication->run()
#5 {main}
REQUEST_URI=/blog/index.php/api/comments/kjh
---
2013/11/28 15:32:25 [error] [exception.CHttpException.404] exception 'CHttpException' with message 'Unable to resolve the request "posts".' in C:\xampp\htdocs\framework\web\CWebApplication.php:286
Stack trace:
#0 C:\xampp\htdocs\framework\web\CWebApplication.php(141): CWebApplication->runController('posts')
#1 C:\xampp\htdocs\framework\base\CApplication.php(180): CWebApplication->processRequest()
#2 C:\xampp\htdocs\blog\index.php(11): CApplication->run()
#3 {main}
REQUEST_URI=/blog/index.php/posts
---
2013/11/28 15:32:42 [error] [exception.CHttpException.404] exception 'CHttpException' with message 'Unable to resolve the request "acl/posts".' in C:\xampp\htdocs\framework\web\CWebApplication.php:286
Stack trace:
#0 C:\xampp\htdocs\framework\web\CWebApplication.php(141): CWebApplication->runController('acl/posts')
#1 C:\xampp\htdocs\framework\base\CApplication.php(180): CWebApplication->processRequest()
#2 C:\xampp\htdocs\blog\index.php(11): CApplication->run()
#3 {main}
REQUEST_URI=/blog/index.php/acl/posts
---
2013/11/28 16:43:45 [error] [php] Undefined index: JSON (C:\xampp\htdocs\blog\protected\controllers\ApiController.php:57)
Stack trace:
#0 C:\xampp\htdocs\framework\web\CController.php(286): ApiController->runAction()
#1 C:\xampp\htdocs\framework\web\CController.php(265): ApiController->runActionWithFilters()
#2 C:\xampp\htdocs\framework\web\CWebApplication.php(282): ApiController->run()
#3 C:\xampp\htdocs\framework\web\CWebApplication.php(141): CWebApplication->runController()
#4 C:\xampp\htdocs\framework\base\CApplication.php(180): CWebApplication->processRequest()
#5 C:\xampp\htdocs\blog\index.php(11): CWebApplication->run()
REQUEST_URI=/blog/index.php/api/posts
2013/11/28 16:44:19 [error] [php] Undefined variable: _JSON (C:\xampp\htdocs\blog\protected\controllers\ApiController.php:57)
Stack trace:
#0 C:\xampp\htdocs\framework\web\CController.php(286): ApiController->runAction()
#1 C:\xampp\htdocs\framework\web\CController.php(265): ApiController->runActionWithFilters()
#2 C:\xampp\htdocs\framework\web\CWebApplication.php(282): ApiController->run()
#3 C:\xampp\htdocs\framework\web\CWebApplication.php(141): CWebApplication->runController()
#4 C:\xampp\htdocs\framework\base\CApplication.php(180): CWebApplication->processRequest()
#5 C:\xampp\htdocs\blog\index.php(11): CWebApplication->run()
REQUEST_URI=/blog/index.php/api/posts
2013/11/28 16:46:49 [error] [system.db.CDbCommand] CDbCommand::execute() failed: SQLSTATE[23000]: Integrity constraint violation: 19 tbl_post.author_id may not be NULL. The SQL statement executed was: INSERT INTO 'tbl_post' ("title", "content", "status", "tags", "update_time", "create_time") VALUES (:yp0, :yp1, :yp2, :yp3, :yp4, :yp5).
2013/11/28 16:46:49 [error] [exception.CDbException] exception 'CDbException' with message 'CDbCommand failed to execute the SQL statement: SQLSTATE[23000]: Integrity constraint violation: 19 tbl_post.author_id may not be NULL' in C:\xampp\htdocs\framework\db\CDbCommand.php:358
Stack trace:
#0 C:\xampp\htdocs\framework\db\ar\CActiveRecord.php(1077): CDbCommand->execute()
#1 C:\xampp\htdocs\framework\db\ar\CActiveRecord.php(806): CActiveRecord->insert(NULL)
#2 C:\xampp\htdocs\blog\protected\controllers\ApiController.php(74): CActiveRecord->save()
#3 C:\xampp\htdocs\framework\web\actions\CInlineAction.php(49): ApiController->actionCreate()
#4 C:\xampp\htdocs\framework\web\CController.php(308): CInlineAction->runWithParams(Array)
#5 C:\xampp\htdocs\framework\web\CController.php(286): CController->runAction(Object(CInlineAction))
#6 C:\xampp\htdocs\framework\web\CController.php(265): CController->runActionWithFilters(Object(CInlineAction), Array)
#7 C:\xampp\htdocs\framework\web\CWebApplication.php(282): CController->run('create')
#8 C:\xampp\htdocs\framework\web\CWebApplication.php(141): CWebApplication->runController('api/create')
#9 C:\xampp\htdocs\framework\base\CApplication.php(180): CWebApplication->processRequest()
#10 C:\xampp\htdocs\blog\index.php(11): CApplication->run()
#11 {main}
REQUEST_URI=/blog/index.php/api/posts
HTTP_REFERER=http://localhost/blog/index.php/post/index/?title=dfg&content=dfgdfg
---
2013/11/28 16:47:31 [error] [system.db.CDbCommand] CDbCommand::execute() failed: SQLSTATE[23000]: Integrity constraint violation: 19 tbl_post.author_id may not be NULL. The SQL statement executed was: INSERT INTO 'tbl_post' ("title", "content", "status", "tags", "update_time", "create_time") VALUES (:yp0, :yp1, :yp2, :yp3, :yp4, :yp5).
2013/11/28 16:47:31 [error] [exception.CDbException] exception 'CDbException' with message 'CDbCommand failed to execute the SQL statement: SQLSTATE[23000]: Integrity constraint violation: 19 tbl_post.author_id may not be NULL' in C:\xampp\htdocs\framework\db\CDbCommand.php:358
Stack trace:
#0 C:\xampp\htdocs\framework\db\ar\CActiveRecord.php(1077): CDbCommand->execute()
#1 C:\xampp\htdocs\framework\db\ar\CActiveRecord.php(806): CActiveRecord->insert(NULL)
#2 C:\xampp\htdocs\blog\protected\controllers\ApiController.php(74): CActiveRecord->save()
#3 C:\xampp\htdocs\framework\web\actions\CInlineAction.php(49): ApiController->actionCreate()
#4 C:\xampp\htdocs\framework\web\CController.php(308): CInlineAction->runWithParams(Array)
#5 C:\xampp\htdocs\framework\web\CController.php(286): CController->runAction(Object(CInlineAction))
#6 C:\xampp\htdocs\framework\web\CController.php(265): CController->runActionWithFilters(Object(CInlineAction), Array)
#7 C:\xampp\htdocs\framework\web\CWebApplication.php(282): CController->run('create')
#8 C:\xampp\htdocs\framework\web\CWebApplication.php(141): CWebApplication->runController('api/create')
#9 C:\xampp\htdocs\framework\base\CApplication.php(180): CWebApplication->processRequest()
#10 C:\xampp\htdocs\blog\index.php(11): CApplication->run()
#11 {main}
REQUEST_URI=/blog/index.php/api/posts
HTTP_REFERER=http://localhost/blog/index.php/post/index/?title=dfg&content=dfgdfg
---
2013/11/28 16:48:05 [error] [system.db.CDbCommand] CDbCommand::execute() failed: SQLSTATE[23000]: Integrity constraint violation: 19 tbl_post.author_id may not be NULL. The SQL statement executed was: INSERT INTO 'tbl_post' ("title", "content", "status", "tags", "update_time", "create_time") VALUES (:yp0, :yp1, :yp2, :yp3, :yp4, :yp5).
2013/11/28 16:48:05 [error] [exception.CDbException] exception 'CDbException' with message 'CDbCommand failed to execute the SQL statement: SQLSTATE[23000]: Integrity constraint violation: 19 tbl_post.author_id may not be NULL' in C:\xampp\htdocs\framework\db\CDbCommand.php:358
Stack trace:
#0 C:\xampp\htdocs\framework\db\ar\CActiveRecord.php(1077): CDbCommand->execute()
#1 C:\xampp\htdocs\framework\db\ar\CActiveRecord.php(806): CActiveRecord->insert(NULL)
#2 C:\xampp\htdocs\blog\protected\controllers\ApiController.php(74): CActiveRecord->save()
#3 C:\xampp\htdocs\framework\web\actions\CInlineAction.php(49): ApiController->actionCreate()
#4 C:\xampp\htdocs\framework\web\CController.php(308): CInlineAction->runWithParams(Array)
#5 C:\xampp\htdocs\framework\web\CController.php(286): CController->runAction(Object(CInlineAction))
#6 C:\xampp\htdocs\framework\web\CController.php(265): CController->runActionWithFilters(Object(CInlineAction), Array)
#7 C:\xampp\htdocs\framework\web\CWebApplication.php(282): CController->run('create')
#8 C:\xampp\htdocs\framework\web\CWebApplication.php(141): CWebApplication->runController('api/create')
#9 C:\xampp\htdocs\framework\base\CApplication.php(180): CWebApplication->processRequest()
#10 C:\xampp\htdocs\blog\index.php(11): CApplication->run()
#11 {main}
REQUEST_URI=/blog/index.php/api/posts
HTTP_REFERER=http://localhost/blog/index.php/post/index/?title=dfg&content=dfgdfg
---
2013/11/28 16:51:02 [error] [system.db.CDbCommand] CDbCommand::execute() failed: SQLSTATE[23000]: Integrity constraint violation: 19 tbl_post.author_id may not be NULL. The SQL statement executed was: INSERT INTO 'tbl_post' ("title", "content", "status", "tags", "update_time", "create_time") VALUES (:yp0, :yp1, :yp2, :yp3, :yp4, :yp5).
2013/11/28 16:51:02 [error] [exception.CDbException] exception 'CDbException' with message 'CDbCommand failed to execute the SQL statement: SQLSTATE[23000]: Integrity constraint violation: 19 tbl_post.author_id may not be NULL' in C:\xampp\htdocs\framework\db\CDbCommand.php:358
Stack trace:
#0 C:\xampp\htdocs\framework\db\ar\CActiveRecord.php(1077): CDbCommand->execute()
#1 C:\xampp\htdocs\framework\db\ar\CActiveRecord.php(806): CActiveRecord->insert(NULL)
#2 C:\xampp\htdocs\blog\protected\controllers\ApiController.php(74): CActiveRecord->save()
#3 C:\xampp\htdocs\framework\web\actions\CInlineAction.php(49): ApiController->actionCreate()
#4 C:\xampp\htdocs\framework\web\CController.php(308): CInlineAction->runWithParams(Array)
#5 C:\xampp\htdocs\framework\web\CController.php(286): CController->runAction(Object(CInlineAction))
#6 C:\xampp\htdocs\framework\web\CController.php(265): CController->runActionWithFilters(Object(CInlineAction), Array)
#7 C:\xampp\htdocs\framework\web\CWebApplication.php(282): CController->run('create')
#8 C:\xampp\htdocs\framework\web\CWebApplication.php(141): CWebApplication->runController('api/create')
#9 C:\xampp\htdocs\framework\base\CApplication.php(180): CWebApplication->processRequest()
#10 C:\xampp\htdocs\blog\index.php(11): CApplication->run()
#11 {main}
REQUEST_URI=/blog/index.php/api/posts
HTTP_REFERER=http://localhost/blog/index.php/post/index/?title=dfg&content=dfgdfg
---
2013/11/28 16:51:45 [error] [system.db.CDbCommand] CDbCommand::execute() failed: SQLSTATE[23000]: Integrity constraint violation: 19 tbl_post.author_id may not be NULL. The SQL statement executed was: INSERT INTO 'tbl_post' ("title", "content", "status", "tags", "update_time", "create_time") VALUES (:yp0, :yp1, :yp2, :yp3, :yp4, :yp5).
2013/11/28 16:51:45 [error] [exception.CDbException] exception 'CDbException' with message 'CDbCommand failed to execute the SQL statement: SQLSTATE[23000]: Integrity constraint violation: 19 tbl_post.author_id may not be NULL' in C:\xampp\htdocs\framework\db\CDbCommand.php:358
Stack trace:
#0 C:\xampp\htdocs\framework\db\ar\CActiveRecord.php(1077): CDbCommand->execute()
#1 C:\xampp\htdocs\framework\db\ar\CActiveRecord.php(806): CActiveRecord->insert(NULL)
#2 C:\xampp\htdocs\blog\protected\controllers\ApiController.php(75): CActiveRecord->save()
#3 C:\xampp\htdocs\framework\web\actions\CInlineAction.php(49): ApiController->actionCreate()
#4 C:\xampp\htdocs\framework\web\CController.php(308): CInlineAction->runWithParams(Array)
#5 C:\xampp\htdocs\framework\web\CController.php(286): CController->runAction(Object(CInlineAction))
#6 C:\xampp\htdocs\framework\web\CController.php(265): CController->runActionWithFilters(Object(CInlineAction), Array)
#7 C:\xampp\htdocs\framework\web\CWebApplication.php(282): CController->run('create')
#8 C:\xampp\htdocs\framework\web\CWebApplication.php(141): CWebApplication->runController('api/create')
#9 C:\xampp\htdocs\framework\base\CApplication.php(180): CWebApplication->processRequest()
#10 C:\xampp\htdocs\blog\index.php(11): CApplication->run()
#11 {main}
REQUEST_URI=/blog/index.php/api/posts
HTTP_REFERER=http://localhost/blog/index.php/post/index/?title=dfg&content=dfgdfg
---
